<?xml version="1.0" encoding="UTF-8"?>
<!-- Generated by org.testng.reporters.JUnitReportReporter -->
<testsuite hostname="PRATIK-PC" failures="0" tests="1" name="testpackage.ValidateTeamRCB2" time="0.124" errors="0" timestamp="2022-11-01T17:35:07 IST" skipped="0">
  <testcase classname="testpackage.ValidateTeamRCB2" name="validateTeamRCB" time="0.124"/>
  <system-out/>
</testsuite> <!-- testpackage.ValidateTeamRCB2 -->
