<?xml version="1.0" encoding="UTF-8"?>
<!-- Generated by org.testng.reporters.JUnitReportReporter -->
<testsuite hostname="PRATIK-PC" failures="0" tests="1" name="testpackage.ValidateTeamRCB" time="0.042" errors="0" timestamp="2022-10-29T17:14:01 IST" skipped="0">
  <testcase classname="testpackage.ValidateTeamRCB" name="validateTeamRCB" time="0.042"/>
  <system-out/>
</testsuite> <!-- testpackage.ValidateTeamRCB -->
