<?xml version="1.0" encoding="UTF-8"?>
<!-- Generated by org.testng.reporters.JUnitReportReporter -->
<testsuite hostname="PRATIK-PC" failures="0" tests="2" name="testpackage.ValidateTeamRCB3" time="0.049" errors="0" timestamp="2022-11-02T23:40:05 IST" skipped="0">
  <testcase classname="testpackage.ValidateTeamRCB3" name="validateTeamRCBWicketKeepers" time="0.005"/>
  <system-out/>
  <testcase classname="testpackage.ValidateTeamRCB3" name="validateTeamRCBForeignPlayers" time="0.044"/>
  <system-out/>
</testsuite> <!-- testpackage.ValidateTeamRCB3 -->
