<?xml version="1.0" encoding="UTF-8"?>
<!-- Generated by org.testng.reporters.JUnitReportReporter -->
<testsuite hostname="PRATIK-PC" failures="0" tests="2" name="testpackage.ValidateTeamRCB" time="0.105" errors="0" timestamp="2022-11-02T23:48:18 IST" skipped="0">
  <testcase classname="testpackage.ValidateTeamRCB" name="validateTeamRCBWicketKeepers" time="0.027"/>
  <system-out/>
  <testcase classname="testpackage.ValidateTeamRCB" name="validateTeamRCBForeignPlayers" time="0.078"/>
  <system-out/>
</testsuite> <!-- testpackage.ValidateTeamRCB -->
